25/03/2022 18:27:08> Starting up..
25/03/2022 18:27:08> Shutting down on signal 2
25/03/2022 18:30:42> Starting up..
25/03/2022 18:30:47> Shutting down on signal 2
25/03/2022 18:31:16> Starting up..
25/03/2022 18:31:27> Shutting down on signal 2
25/03/2022 18:31:50> Error exit: Invalid config file. Missing {
25/03/2022 18:32:07> Starting up..
25/03/2022 18:32:08> Shutting down on signal 2
25/03/2022 18:33:56> Starting up..
25/03/2022 18:33:57> Shutting down on signal 2
25/03/2022 18:50:44> Starting up..
25/03/2022 18:50:46> Shutting down on signal 2
25/03/2022 18:51:06> Starting up..
25/03/2022 18:51:12> Shutting down on signal 2
25/03/2022 18:51:34> Syste error exit: can't open dir: /Users/eluceon/projects/circle-5/other/megagosha/webserv/www/final1/
25/03/2022 18:52:10> Starting up..
25/03/2022 18:52:12> Shutting down on signal 2
25/03/2022 18:52:20> Starting up..
25/03/2022 18:52:21> Shutting down on signal 2
25/03/2022 18:53:09> Starting up..
25/03/2022 18:53:11> Shutting down on signal 2
25/03/2022 18:53:15> Syste error exit: can't open dir: /Users/eluceon/projects/circle-5/ft_webserver/www/site10/
25/03/2022 18:55:29> Starting up..
25/03/2022 18:55:31> Shutting down on signal 2
25/03/2022 18:58:00> Starting up..
25/03/2022 18:58:02> Shutting down on signal 2
25/03/2022 18:58:44> Starting up..
25/03/2022 18:58:45> Shutting down on signal 2
25/03/2022 18:58:53> Starting up..
25/03/2022 18:58:54> Shutting down on signal 2
25/03/2022 18:59:18> Starting up..
25/03/2022 18:59:20> Shutting down on signal 2
25/03/2022 18:59:30> Starting up..
25/03/2022 18:59:31> Shutting down on signal 2
25/03/2022 19:00:00> Error exit: Invalid config file. Missing ;
25/03/2022 19:00:10> Error exit: Invalid config file. Missing ;
25/03/2022 19:00:16> Starting up..
25/03/2022 19:00:17> Shutting down on signal 2
25/03/2022 19:01:18> Error exit: Invalid config file. Missing ;
25/03/2022 19:01:21> Error exit: Invalid config file
25/03/2022 19:05:44> Syste error exit: can't open dir: /Users/eluceon/projects/circle-5/ft_webserver/www/site2/
25/03/2022 19:06:33> Error exit: Specify server name in config file

25/03/2022 19:07:37> Starting up..
25/03/2022 19:07:38> Shutting down on signal 2
25/03/2022 19:07:45> Error exit: Invalid autoindex valid in config file
25/03/2022 19:07:52> Error exit: Invalid autoindex valid in config file
25/03/2022 19:07:56> Starting up..
25/03/2022 19:07:57> Shutting down on signal 2
25/03/2022 19:08:45> Starting up..
25/03/2022 19:08:48> Starting up..
25/03/2022 19:08:48> Syste error exit: bind error
25/03/2022 19:08:49> Starting up..
25/03/2022 19:08:49> Syste error exit: bind error
25/03/2022 19:10:46> Syste error exit: can't open dir: /Users/eluceon/projects/circle-5/ft_webserver/www/site3/
25/03/2022 19:11:12> Syste error exit: can't open dir: /Users/eluceon/projects/circle-5/ft_webserver/www/site3/
25/03/2022 19:11:26> Starting up..
25/03/2022 19:11:27> Shutting down on signal 2
25/03/2022 19:11:44> Starting up..
25/03/2022 19:11:45> Shutting down on signal 2
25/03/2022 19:13:43> Starting up..
25/03/2022 19:13:44> Shutting down on signal 2
25/03/2022 19:20:41> Starting up..
25/03/2022 19:20:42> Shutting down on signal 2
25/03/2022 19:22:43> Starting up..
25/03/2022 19:22:44> Shutting down on signal 2
25/03/2022 20:38:39> Error exit: Invalid parentheses
25/03/2022 20:38:44> Error exit: Invalid parentheses
25/03/2022 20:38:49> Starting up..
25/03/2022 20:38:50> Shutting down on signal 2
